<?xml version="1.0" encoding="UTF-8"?>
<!-- Generated by org.testng.reporters.JUnitXMLReporter -->
<testsuite ignored="0" hostname="Gangesh_007" failures="1" tests="10" name="Surefire test" time="0.183" errors="0" timestamp="2024-09-15T21:26:09 IST">
  <testcase classname="thetestingacademy.sep05.TestNG.Testng001" name="serverStartedOk" time="0.046"/>
  <testcase classname="thetestingacademy.sep05.TestNG.Testng001" name="method1" time="0.001"/>
  <testcase classname="thetestingacademy.sep05.TestNG.Testng002" name="initEnvironment" time="0.003"/>
  <testcase classname="thetestingacademy.sep05.TestNG.Testng002" name="serverStartedOk" time="0.001"/>
  <testcase classname="thetestingacademy.sep05.TestNG.Testng002" name="method1" time="0.002"/>
  <testcase classname="thetestingacademy.sep05.testngexample.TestNG003" name="test1" time="0.004"/>
  <testcase classname="thetestingacademy.sep05.testngexample.TestNG003" name="test2" time="0.012">
    <failure type="java.lang.AssertionError" message="failed expected [pramod] but found [pramodd]">
      <![CDATA[java.lang.AssertionError: failed expected [pramod] but found [pramodd]
at thetestingacademy.sep05.testngexample.TestNG003.test2(TestNG003.java:24)
at java.base/java.util.ArrayList.forEach(ArrayList.java:1541)
... Removed 37 stack frames]]>
    </failure>
  </testcase> <!-- test2 -->
  <testcase classname="thetestingacademy.sep05.testngexample.TestNG004" name="test1" time="0.002"/>
  <testcase classname="thetestingacademy.sep05.testngexample.TestNG004" name="test2" time="0.002"/>
  <testcase classname="thetestingacademy.sep05.testngexample.TestNG004" name="test3" time="0.001"/>
</testsuite> <!-- Surefire test -->
