<?xml version="1.0" encoding="UTF-8"?>
<testsuite xmlns:xsi="http://www.w3.org/2001/XMLSchema-instance" xsi:noNamespaceSchemaLocation="https://maven.apache.org/surefire/maven-surefire-plugin/xsd/surefire-test-report-3.0.xsd" version="3.0" name="TestSuite" time="0.818" tests="10" errors="0" skipped="0" failures="1">
  <properties>
[...]
</properties>
  <testcase name="serverStartedOk" classname="thetestingacademy.sep05.TestNG.Testng001" time="0.093">
    <system-out><![CDATA[I will run First
]]></system-out>
    <system-err><![CDATA[SLF4J: Failed to load class "org.slf4j.impl.StaticLoggerBinder".
SLF4J: Defaulting to no-operation (NOP) logger implementation
SLF4J: See http://www.slf4j.org/codes.html#StaticLoggerBinder for further details.
]]></system-err>
  </testcase>
  <testcase name="method1" classname="thetestingacademy.sep05.TestNG.Testng001" time="0.005">
    <system-out><![CDATA[Run Method 1
]]></system-out>
  </testcase>
  <testcase name="initEnvironment" classname="thetestingacademy.sep05.TestNG.Testng002" time="0.003">
    <system-out><![CDATA[initEnvironment
]]></system-out>
  </testcase>
  <testcase name="serverStartedOk" classname="thetestingacademy.sep05.TestNG.Testng002" time="0.002">
    <system-out><![CDATA[serverStartedOk
]]></system-out>
  </testcase>
  <testcase name="method1" classname="thetestingacademy.sep05.TestNG.Testng002" time="0.002">
    <system-out><![CDATA[Now I will run
]]></system-out>
  </testcase>
  <testcase name="test1" classname="thetestingacademy.sep05.testngexample.TestNG003" time="0.006">
    <system-out><![CDATA[Test1
]]></system-out>
  </testcase>
  <testcase name="test2" classname="thetestingacademy.sep05.testngexample.TestNG003" time="0.017">
    <failure message="failed expected [pramod] but found [pramodd]" type="java.lang.AssertionError"><![CDATA[java.lang.AssertionError: failed expected [pramod] but found [pramodd]
	at org.testng.Assert.fail(Assert.java:111)
	at org.testng.Assert.failNotEquals(Assert.java:1578)
	at org.testng.Assert.assertEqualsImpl(Assert.java:150)
	at org.testng.Assert.assertEquals(Assert.java:132)
	at org.testng.Assert.assertEquals(Assert.java:656)
	at thetestingacademy.sep05.testngexample.TestNG003.test2(TestNG003.java:24)
	at java.base/jdk.internal.reflect.NativeMethodAccessorImpl.invoke0(Native Method)
	at java.base/jdk.internal.reflect.NativeMethodAccessorImpl.invoke(NativeMethodAccessorImpl.java:62)
	at java.base/jdk.internal.reflect.DelegatingMethodAccessorImpl.invoke(DelegatingMethodAccessorImpl.java:43)
	at java.base/java.lang.reflect.Method.invoke(Method.java:566)
	at org.testng.internal.invokers.MethodInvocationHelper.invokeMethod(MethodInvocationHelper.java:139)
	at org.testng.internal.invokers.TestInvoker.invokeMethod(TestInvoker.java:664)
	at org.testng.internal.invokers.TestInvoker.invokeTestMethod(TestInvoker.java:227)
	at org.testng.internal.invokers.MethodRunner.runInSequence(MethodRunner.java:50)
	at org.testng.internal.invokers.TestInvoker$MethodInvocationAgent.invoke(TestInvoker.java:957)
	at org.testng.internal.invokers.TestInvoker.invokeTestMethods(TestInvoker.java:200)
	at org.testng.internal.invokers.TestMethodWorker.invokeTestMethods(TestMethodWorker.java:148)
	at org.testng.internal.invokers.TestMethodWorker.run(TestMethodWorker.java:128)
	at java.base/java.util.ArrayList.forEach(ArrayList.java:1541)
	at org.testng.TestRunner.privateRun(TestRunner.java:848)
	at org.testng.TestRunner.run(TestRunner.java:621)
	at org.testng.SuiteRunner.runTest(SuiteRunner.java:443)
	at org.testng.SuiteRunner.runSequentially(SuiteRunner.java:437)
	at org.testng.SuiteRunner.privateRun(SuiteRunner.java:397)
	at org.testng.SuiteRunner.run(SuiteRunner.java:336)
	at org.testng.SuiteRunnerWorker.runSuite(SuiteRunnerWorker.java:52)
	at org.testng.SuiteRunnerWorker.run(SuiteRunnerWorker.java:95)
	at org.testng.TestNG.runSuitesSequentially(TestNG.java:1280)
	at org.testng.TestNG.runSuitesLocally(TestNG.java:1200)
	at org.testng.TestNG.runSuites(TestNG.java:1114)
	at org.testng.TestNG.run(TestNG.java:1082)
	at org.apache.maven.surefire.testng.TestNGExecutor.run(TestNGExecutor.java:155)
	at org.apache.maven.surefire.testng.TestNGDirectoryTestSuite.executeMulti(TestNGDirectoryTestSuite.java:169)
	at org.apache.maven.surefire.testng.TestNGDirectoryTestSuite.execute(TestNGDirectoryTestSuite.java:88)
	at org.apache.maven.surefire.testng.TestNGProvider.invoke(TestNGProvider.java:137)
	at org.apache.maven.surefire.booter.ForkedBooter.runSuitesInProcess(ForkedBooter.java:385)
	at org.apache.maven.surefire.booter.ForkedBooter.execute(ForkedBooter.java:162)
	at org.apache.maven.surefire.booter.ForkedBooter.run(ForkedBooter.java:507)
	at org.apache.maven.surefire.booter.ForkedBooter.main(ForkedBooter.java:495)
]]></failure>
    <system-out><![CDATA[Test2
]]></system-out>
  </testcase>
  <testcase name="test1" classname="thetestingacademy.sep05.testngexample.TestNG004" time="0.002">
    <system-out><![CDATA[Test1-Smoke
]]></system-out>
  </testcase>
  <testcase name="test2" classname="thetestingacademy.sep05.testngexample.TestNG004" time="0.003">
    <system-out><![CDATA[Test2-Smoke
]]></system-out>
  </testcase>
  <testcase name="test3" classname="thetestingacademy.sep05.testngexample.TestNG004" time="0.002">
    <system-out><![CDATA[Test3-Regression
]]></system-out>
  </testcase>
</testsuite>